# JRE version: Java(TM) SE Runtime Environment (8.0_151-b12) (build 1.8.0_151-b12)
# Java VM: Java HotSpot(TM) 64-Bit Server VM (25.151-b12 mixed mode windows-amd64 compressed oops)
Heap:
 PSYoungGen      total 147456K, used 103671K [0x00000000d5b00000, 0x00000000e7e00000, 0x0000000100000000)
  eden space 132096K, 75% used [0x00000000d5b00000,0x00000000dbc89e88,0x00000000ddc00000)
  from space 15360K, 24% used [0x00000000dec00000,0x00000000defb4030,0x00000000dfb00000)
  to   space 16384K, 0% used [0x00000000ddc00000,0x00000000ddc00000,0x00000000dec00000)
 ParOldGen       total 87552K, used 32429K [0x0000000081000000, 0x0000000086580000, 0x00000000d5b00000)
  object space 87552K, 37% used [0x0000000081000000,0x0000000082fab518,0x0000000086580000)
 Metaspace       used 16315K, capacity 16450K, committed 16640K, reserved 1064960K
  class space    used 1731K, capacity 1751K, committed 1792K, reserved 1048576K
GC Heap History (10 events):
Event: 5.714 GC heap before
{Heap before GC invocations=4 (full 0):
 PSYoungGen      total 38400K, used 38388K [0x00000000d5b00000, 0x00000000da600000, 0x0000000100000000)
  eden space 33280K, 100% used [0x00000000d5b00000,0x00000000d7b80000,0x00000000d7b80000)
  from space 5120K, 99% used [0x00000000d7b80000,0x00000000d807d3e0,0x00000000d8080000)
  to   space 5120K, 0% used [0x00000000da100000,0x00000000da100000,0x00000000da600000)
 ParOldGen       total 87552K, used 17570K [0x0000000081000000, 0x0000000086580000, 0x00000000d5b00000)
  object space 87552K, 20% used [0x0000000081000000,0x0000000082128ab8,0x0000000086580000)
 Metaspace       used 11675K, capacity 11766K, committed 11904K, reserved 1060864K
  class space    used 1333K, capacity 1363K, committed 1408K, reserved 1048576K
Event: 5.791 GC heap after
Heap after GC invocations=4 (full 0):
 PSYoungGen      total 71680K, used 5103K [0x00000000d5b00000, 0x00000000da600000, 0x0000000100000000)
  eden space 66560K, 0% used [0x00000000d5b00000,0x00000000d5b00000,0x00000000d9c00000)
  from space 5120K, 99% used [0x00000000da100000,0x00000000da5fbd28,0x00000000da600000)
  to   space 5120K, 0% used [0x00000000d9c00000,0x00000000d9c00000,0x00000000da100000)
 ParOldGen       total 87552K, used 24494K [0x0000000081000000, 0x0000000086580000, 0x00000000d5b00000)
  object space 87552K, 27% used [0x0000000081000000,0x00000000827eba90,0x0000000086580000)
 Metaspace       used 11675K, capacity 11766K, committed 11904K, reserved 1060864K
  class space    used 1333K, capacity 1363K, committed 1408K, reserved 1048576K
}
Event: 9.545 GC heap before
{Heap before GC invocations=5 (full 0):
 PSYoungGen      total 71680K, used 71663K [0x00000000d5b00000, 0x00000000da600000, 0x0000000100000000)
  eden space 66560K, 100% used [0x00000000d5b00000,0x00000000d9c00000,0x00000000d9c00000)
  from space 5120K, 99% used [0x00000000da100000,0x00000000da5fbd28,0x00000000da600000)
  to   space 5120K, 0% used [0x00000000d9c00000,0x00000000d9c00000,0x00000000da100000)
 ParOldGen       total 87552K, used 24494K [0x0000000081000000, 0x0000000086580000, 0x00000000d5b00000)
  object space 87552K, 27% used [0x0000000081000000,0x00000000827eba90,0x0000000086580000)
 Metaspace       used 13964K, capacity 14038K, committed 14208K, reserved 1062912K
  class space    used 1557K, capacity 1587K, committed 1664K, reserved 1048576K
Event: 9.576 GC heap after
Heap after GC invocations=5 (full 0):
 PSYoungGen      total 71680K, used 5118K [0x00000000d5b00000, 0x00000000dfb00000, 0x0000000100000000)
  eden space 66560K, 0% used [0x00000000d5b00000,0x00000000d5b00000,0x00000000d9c00000)
  from space 5120K, 99% used [0x00000000d9c00000,0x00000000da0ffba8,0x00000000da100000)
  to   space 15360K, 0% used [0x00000000dec00000,0x00000000dec00000,0x00000000dfb00000)
 ParOldGen       total 87552K, used 28482K [0x0000000081000000, 0x0000000086580000, 0x00000000d5b00000)
  object space 87552K, 32% used [0x0000000081000000,0x0000000082bd0a30,0x0000000086580000)
 Metaspace       used 13964K, capacity 14038K, committed 14208K, reserved 1062912K
  class space    used 1557K, capacity 1587K, committed 1664K, reserved 1048576K
}
Event: 11.623 GC heap before
{Heap before GC invocations=6 (full 0):
 PSYoungGen      total 71680K, used 71678K [0x00000000d5b00000, 0x00000000dfb00000, 0x0000000100000000)
  eden space 66560K, 100% used [0x00000000d5b00000,0x00000000d9c00000,0x00000000d9c00000)
  from space 5120K, 99% used [0x00000000d9c00000,0x00000000da0ffba8,0x00000000da100000)
  to   space 15360K, 0% used [0x00000000dec00000,0x00000000dec00000,0x00000000dfb00000)
 ParOldGen       total 87552K, used 28482K [0x0000000081000000, 0x0000000086580000, 0x00000000d5b00000)
  object space 87552K, 32% used [0x0000000081000000,0x0000000082bd0a30,0x0000000086580000)
 Metaspace       used 14875K, capacity 15074K, committed 15232K, reserved 1062912K
  class space    used 1636K, capacity 1655K, committed 1664K, reserved 1048576K
Event: 11.645 GC heap after
Heap after GC invocations=6 (full 0):
 PSYoungGen      total 147968K, used 7505K [0x00000000d5b00000, 0x00000000dfc00000, 0x0000000100000000)
  eden space 132608K, 0% used [0x00000000d5b00000,0x00000000d5b00000,0x00000000ddc80000)
  from space 15360K, 48% used [0x00000000dec00000,0x00000000df354458,0x00000000dfb00000)
  to   space 15872K, 0% used [0x00000000ddc80000,0x00000000ddc80000,0x00000000dec00000)
 ParOldGen       total 87552K, used 28490K [0x0000000081000000, 0x0000000086580000, 0x00000000d5b00000)
  object space 87552K, 32% used [0x0000000081000000,0x0000000082bd2a30,0x0000000086580000)
 Metaspace       used 14875K, capacity 15074K, committed 15232K, reserved 1062912K
  class space    used 1636K, capacity 1655K, committed 1664K, reserved 1048576K
}
Event: 15.216 GC heap before
{Heap before GC invocations=7 (full 0):
 PSYoungGen      total 147968K, used 140113K [0x00000000d5b00000, 0x00000000dfc00000, 0x0000000100000000)
  eden space 132608K, 100% used [0x00000000d5b00000,0x00000000ddc80000,0x00000000ddc80000)
  from space 15360K, 48% used [0x00000000dec00000,0x00000000df354458,0x00000000dfb00000)
  to   space 15872K, 0% used [0x00000000ddc80000,0x00000000ddc80000,0x00000000dec00000)
 ParOldGen       total 87552K, used 28490K [0x0000000081000000, 0x0000000086580000, 0x00000000d5b00000)
  object space 87552K, 32% used [0x0000000081000000,0x0000000082bd2a30,0x0000000086580000)
 Metaspace       used 16024K, capacity 16162K, committed 16384K, reserved 1064960K
  class space    used 1707K, capacity 1719K, committed 1792K, reserved 1048576K
Event: 15.247 GC heap after
Heap after GC invocations=7 (full 0):
 PSYoungGen      total 148480K, used 6252K [0x00000000d5b00000, 0x00000000dfc00000, 0x0000000100000000)
  eden space 132608K, 0% used [0x00000000d5b00000,0x00000000d5b00000,0x00000000ddc80000)
  from space 15872K, 39% used [0x00000000ddc80000,0x00000000de29b0a8,0x00000000dec00000)
  to   space 15360K, 0% used [0x00000000dec00000,0x00000000dec00000,0x00000000dfb00000)
 ParOldGen       total 87552K, used 30381K [0x0000000081000000, 0x0000000086580000, 0x00000000d5b00000)
  object space 87552K, 34% used [0x0000000081000000,0x0000000082dab518,0x0000000086580000)
 Metaspace       used 16024K, capacity 16162K, committed 16384K, reserved 1064960K
  class space    used 1707K, capacity 1719K, committed 1792K, reserved 1048576K
}
Event: 17.860 GC heap before
{Heap before GC invocations=8 (full 0):
 PSYoungGen      total 148480K, used 138860K [0x00000000d5b00000, 0x00000000dfc00000, 0x0000000100000000)
  eden space 132608K, 100% used [0x00000000d5b00000,0x00000000ddc80000,0x00000000ddc80000)
  from space 15872K, 39% used [0x00000000ddc80000,0x00000000de29b0a8,0x00000000dec00000)
  to   space 15360K, 0% used [0x00000000dec00000,0x00000000dec00000,0x00000000dfb00000)
 ParOldGen       total 87552K, used 30381K [0x0000000081000000, 0x0000000086580000, 0x00000000d5b00000)
  object space 87552K, 34% used [0x0000000081000000,0x0000000082dab518,0x0000000086580000)
 Metaspace       used 16154K, capacity 16322K, committed 16384K, reserved 1064960K
  class space    used 1718K, capacity 1751K, committed 1792K, reserved 1048576K
Event: 17.881 GC heap after
Heap after GC invocations=8 (full 0):
 PSYoungGen      total 147456K, used 3792K [0x00000000d5b00000, 0x00000000e7e00000, 0x0000000100000000)
  eden space 132096K, 0% used [0x00000000d5b00000,0x00000000d5b00000,0x00000000ddc00000)
  from space 15360K, 24% used [0x00000000dec00000,0x00000000defb4030,0x00000000dfb00000)
  to   space 16384K, 0% used [0x00000000ddc00000,0x00000000ddc00000,0x00000000dec00000)
 ParOldGen       total 87552K, used 32429K [0x0000000081000000, 0x0000000086580000, 0x00000000d5b00000)
  object space 87552K, 37% used [0x0000000081000000,0x0000000082fab518,0x0000000086580000)
 Metaspace       used 16154K, capacity 16322K, committed 16384K, reserved 1064960K
  class space    used 1718K, capacity 1751K, committed 1792K, reserved 1048576K
}

